<?xml version="1.0" encoding="UTF-8"?>
<testsuite xmlns:xsi="http://www.w3.org/2001/XMLSchema-instance" xsi:noNamespaceSchemaLocation="https://maven.apache.org/surefire/maven-surefire-plugin/xsd/surefire-test-report.xsd" version="3.0.2" name="TestSuite" time="3.514" tests="2" errors="0" skipped="0" failures="0">
  <properties>
    <property name="java.specification.version" value="22"/>
    <property name="sun.cpu.isalist" value="amd64"/>
    <property name="sun.jnu.encoding" value="Cp1252"/>
    <property name="java.class.path" value="C:\Projects\JavaProjects\rest-assured-api-test-auto-jon\api-test-auto-pokemon\target\test-classes;C:\Projects\JavaProjects\rest-assured-api-test-auto-jon\api-test-auto-pokemon\target\classes;C:\Users\Jon Paulo\.m2\repository\io\rest-assured\rest-assured\5.5.0\rest-assured-5.5.0.jar;C:\Users\Jon Paulo\.m2\repository\org\apache\groovy\groovy\4.0.22\groovy-4.0.22.jar;C:\Users\Jon Paulo\.m2\repository\org\apache\groovy\groovy-xml\4.0.22\groovy-xml-4.0.22.jar;C:\Users\Jon Paulo\.m2\repository\org\apache\httpcomponents\httpclient\4.5.13\httpclient-4.5.13.jar;C:\Users\Jon Paulo\.m2\repository\org\apache\httpcomponents\httpcore\4.4.13\httpcore-4.4.13.jar;C:\Users\Jon Paulo\.m2\repository\commons-logging\commons-logging\1.2\commons-logging-1.2.jar;C:\Users\Jon Paulo\.m2\repository\commons-codec\commons-codec\1.11\commons-codec-1.11.jar;C:\Users\Jon Paulo\.m2\repository\org\apache\httpcomponents\httpmime\4.5.13\httpmime-4.5.13.jar;C:\Users\Jon Paulo\.m2\repository\org\hamcrest\hamcrest\2.2\hamcrest-2.2.jar;C:\Users\Jon Paulo\.m2\repository\org\ccil\cowan\tagsoup\tagsoup\1.2.1\tagsoup-1.2.1.jar;C:\Users\Jon Paulo\.m2\repository\io\rest-assured\json-path\5.5.0\json-path-5.5.0.jar;C:\Users\Jon Paulo\.m2\repository\org\apache\groovy\groovy-json\4.0.22\groovy-json-4.0.22.jar;C:\Users\Jon Paulo\.m2\repository\io\rest-assured\rest-assured-common\5.5.0\rest-assured-common-5.5.0.jar;C:\Users\Jon Paulo\.m2\repository\io\rest-assured\xml-path\5.5.0\xml-path-5.5.0.jar;C:\Users\Jon Paulo\.m2\repository\org\apache\commons\commons-lang3\3.11\commons-lang3-3.11.jar;C:\Users\Jon Paulo\.m2\repository\org\testng\testng\7.10.2\testng-7.10.2.jar;C:\Users\Jon Paulo\.m2\repository\org\slf4j\slf4j-api\1.7.36\slf4j-api-1.7.36.jar;C:\Users\Jon Paulo\.m2\repository\com\beust\jcommander\1.82\jcommander-1.82.jar;C:\Users\Jon Paulo\.m2\repository\org\webjars\jquery\3.7.1\jquery-3.7.1.jar;C:\Users\Jon Paulo\.m2\repository\com\fasterxml\jackson\core\jackson-core\2.17.2\jackson-core-2.17.2.jar;C:\Users\Jon Paulo\.m2\repository\com\fasterxml\jackson\core\jackson-databind\2.17.2\jackson-databind-2.17.2.jar;C:\Users\Jon Paulo\.m2\repository\com\fasterxml\jackson\core\jackson-annotations\2.17.2\jackson-annotations-2.17.2.jar;C:\Users\Jon Paulo\.m2\repository\org\wiremock\wiremock\3.9.1\wiremock-3.9.1.jar;C:\Users\Jon Paulo\.m2\repository\org\eclipse\jetty\jetty-server\11.0.20\jetty-server-11.0.20.jar;C:\Users\Jon Paulo\.m2\repository\org\eclipse\jetty\jetty-http\11.0.20\jetty-http-11.0.20.jar;C:\Users\Jon Paulo\.m2\repository\org\eclipse\jetty\jetty-io\11.0.20\jetty-io-11.0.20.jar;C:\Users\Jon Paulo\.m2\repository\org\eclipse\jetty\toolchain\jetty-jakarta-servlet-api\5.0.2\jetty-jakarta-servlet-api-5.0.2.jar;C:\Users\Jon Paulo\.m2\repository\org\eclipse\jetty\jetty-servlet\11.0.20\jetty-servlet-11.0.20.jar;C:\Users\Jon Paulo\.m2\repository\org\eclipse\jetty\jetty-security\11.0.20\jetty-security-11.0.20.jar;C:\Users\Jon Paulo\.m2\repository\org\eclipse\jetty\jetty-servlets\11.0.20\jetty-servlets-11.0.20.jar;C:\Users\Jon Paulo\.m2\repository\org\eclipse\jetty\jetty-util\11.0.20\jetty-util-11.0.20.jar;C:\Users\Jon Paulo\.m2\repository\org\eclipse\jetty\jetty-webapp\11.0.20\jetty-webapp-11.0.20.jar;C:\Users\Jon Paulo\.m2\repository\org\eclipse\jetty\jetty-xml\11.0.20\jetty-xml-11.0.20.jar;C:\Users\Jon Paulo\.m2\repository\org\eclipse\jetty\jetty-proxy\11.0.20\jetty-proxy-11.0.20.jar;C:\Users\Jon Paulo\.m2\repository\org\eclipse\jetty\jetty-client\11.0.20\jetty-client-11.0.20.jar;C:\Users\Jon Paulo\.m2\repository\org\eclipse\jetty\http2\http2-server\11.0.20\http2-server-11.0.20.jar;C:\Users\Jon Paulo\.m2\repository\org\eclipse\jetty\http2\http2-common\11.0.20\http2-common-11.0.20.jar;C:\Users\Jon Paulo\.m2\repository\org\eclipse\jetty\http2\http2-hpack\11.0.20\http2-hpack-11.0.20.jar;C:\Users\Jon Paulo\.m2\repository\org\eclipse\jetty\jetty-alpn-server\11.0.20\jetty-alpn-server-11.0.20.jar;C:\Users\Jon Paulo\.m2\repository\org\eclipse\jetty\jetty-alpn-java-server\11.0.20\jetty-alpn-java-server-11.0.20.jar;C:\Users\Jon Paulo\.m2\repository\org\eclipse\jetty\jetty-alpn-java-client\11.0.20\jetty-alpn-java-client-11.0.20.jar;C:\Users\Jon Paulo\.m2\repository\org\eclipse\jetty\jetty-alpn-client\11.0.20\jetty-alpn-client-11.0.20.jar;C:\Users\Jon Paulo\.m2\repository\com\google\guava\guava\33.2.1-jre\guava-33.2.1-jre.jar;C:\Users\Jon Paulo\.m2\repository\com\google\guava\failureaccess\1.0.2\failureaccess-1.0.2.jar;C:\Users\Jon Paulo\.m2\repository\com\google\guava\listenablefuture\9999.0-empty-to-avoid-conflict-with-guava\listenablefuture-9999.0-empty-to-avoid-conflict-with-guava.jar;C:\Users\Jon Paulo\.m2\repository\org\checkerframework\checker-qual\3.42.0\checker-qual-3.42.0.jar;C:\Users\Jon Paulo\.m2\repository\com\google\errorprone\error_prone_annotations\2.26.1\error_prone_annotations-2.26.1.jar;C:\Users\Jon Paulo\.m2\repository\com\google\j2objc\j2objc-annotations\3.0.0\j2objc-annotations-3.0.0.jar;C:\Users\Jon Paulo\.m2\repository\com\fasterxml\jackson\datatype\jackson-datatype-jsr310\2.17.2\jackson-datatype-jsr310-2.17.2.jar;C:\Users\Jon Paulo\.m2\repository\org\apache\httpcomponents\client5\httpclient5\5.3.1\httpclient5-5.3.1.jar;C:\Users\Jon Paulo\.m2\repository\org\apache\httpcomponents\core5\httpcore5\5.2.4\httpcore5-5.2.4.jar;C:\Users\Jon Paulo\.m2\repository\org\apache\httpcomponents\core5\httpcore5-h2\5.2.4\httpcore5-h2-5.2.4.jar;C:\Users\Jon Paulo\.m2\repository\org\xmlunit\xmlunit-core\2.10.0\xmlunit-core-2.10.0.jar;C:\Users\Jon Paulo\.m2\repository\jakarta\xml\bind\jakarta.xml.bind-api\2.3.3\jakarta.xml.bind-api-2.3.3.jar;C:\Users\Jon Paulo\.m2\repository\jakarta\activation\jakarta.activation-api\1.2.2\jakarta.activation-api-1.2.2.jar;C:\Users\Jon Paulo\.m2\repository\org\xmlunit\xmlunit-legacy\2.10.0\xmlunit-legacy-2.10.0.jar;C:\Users\Jon Paulo\.m2\repository\org\xmlunit\xmlunit-placeholders\2.10.0\xmlunit-placeholders-2.10.0.jar;C:\Users\Jon Paulo\.m2\repository\net\javacrumbs\json-unit\json-unit-core\2.40.0\json-unit-core-2.40.0.jar;C:\Users\Jon Paulo\.m2\repository\org\hamcrest\hamcrest-core\2.2\hamcrest-core-2.2.jar;C:\Users\Jon Paulo\.m2\repository\com\jayway\jsonpath\json-path\2.9.0\json-path-2.9.0.jar;C:\Users\Jon Paulo\.m2\repository\net\minidev\json-smart\2.5.0\json-smart-2.5.0.jar;C:\Users\Jon Paulo\.m2\repository\net\minidev\accessors-smart\2.5.0\accessors-smart-2.5.0.jar;C:\Users\Jon Paulo\.m2\repository\net\sf\jopt-simple\jopt-simple\5.0.4\jopt-simple-5.0.4.jar;C:\Users\Jon Paulo\.m2\repository\com\github\jknack\handlebars\4.3.1\handlebars-4.3.1.jar;C:\Users\Jon Paulo\.m2\repository\com\github\jknack\handlebars-helpers\4.3.1\handlebars-helpers-4.3.1.jar;C:\Users\Jon Paulo\.m2\repository\commons-fileupload\commons-fileupload\1.5\commons-fileupload-1.5.jar;C:\Users\Jon Paulo\.m2\repository\commons-io\commons-io\2.11.0\commons-io-2.11.0.jar;C:\Users\Jon Paulo\.m2\repository\com\networknt\json-schema-validator\1.5.0\json-schema-validator-1.5.0.jar;C:\Users\Jon Paulo\.m2\repository\com\ethlo\time\itu\1.10.2\itu-1.10.2.jar;C:\Users\Jon Paulo\.m2\repository\com\fasterxml\jackson\dataformat\jackson-dataformat-yaml\2.17.1\jackson-dataformat-yaml-2.17.1.jar;C:\Users\Jon Paulo\.m2\repository\org\yaml\snakeyaml\2.2\snakeyaml-2.2.jar;"/>
    <property name="java.vm.vendor" value="Oracle Corporation"/>
    <property name="sun.arch.data.model" value="64"/>
    <property name="user.variant" value=""/>
    <property name="java.vendor.url" value="https://java.oracle.com/"/>
    <property name="user.timezone" value="Europe/Berlin"/>
    <property name="os.name" value="Windows 10"/>
    <property name="java.vm.specification.version" value="22"/>
    <property name="sun.java.launcher" value="SUN_STANDARD"/>
    <property name="user.country" value="US"/>
    <property name="sun.boot.library.path" value="C:\Program Files\Java\jdk-22\bin"/>
    <property name="sun.java.command" value="C:\Users\Jon Paulo\AppData\Local\Temp\surefire14492148397788768220\surefirebooter-20240831210335060_3.jar C:\Users\Jon Paulo\AppData\Local\Temp\surefire14492148397788768220 2024-08-31T21-03-34_910-jvmRun1 surefire-20240831210335060_1tmp surefire_0-20240831210335060_2tmp"/>
    <property name="jdk.debug" value="release"/>
    <property name="surefire.test.class.path" value="C:\Projects\JavaProjects\rest-assured-api-test-auto-jon\api-test-auto-pokemon\target\test-classes;C:\Projects\JavaProjects\rest-assured-api-test-auto-jon\api-test-auto-pokemon\target\classes;C:\Users\Jon Paulo\.m2\repository\io\rest-assured\rest-assured\5.5.0\rest-assured-5.5.0.jar;C:\Users\Jon Paulo\.m2\repository\org\apache\groovy\groovy\4.0.22\groovy-4.0.22.jar;C:\Users\Jon Paulo\.m2\repository\org\apache\groovy\groovy-xml\4.0.22\groovy-xml-4.0.22.jar;C:\Users\Jon Paulo\.m2\repository\org\apache\httpcomponents\httpclient\4.5.13\httpclient-4.5.13.jar;C:\Users\Jon Paulo\.m2\repository\org\apache\httpcomponents\httpcore\4.4.13\httpcore-4.4.13.jar;C:\Users\Jon Paulo\.m2\repository\commons-logging\commons-logging\1.2\commons-logging-1.2.jar;C:\Users\Jon Paulo\.m2\repository\commons-codec\commons-codec\1.11\commons-codec-1.11.jar;C:\Users\Jon Paulo\.m2\repository\org\apache\httpcomponents\httpmime\4.5.13\httpmime-4.5.13.jar;C:\Users\Jon Paulo\.m2\repository\org\hamcrest\hamcrest\2.2\hamcrest-2.2.jar;C:\Users\Jon Paulo\.m2\repository\org\ccil\cowan\tagsoup\tagsoup\1.2.1\tagsoup-1.2.1.jar;C:\Users\Jon Paulo\.m2\repository\io\rest-assured\json-path\5.5.0\json-path-5.5.0.jar;C:\Users\Jon Paulo\.m2\repository\org\apache\groovy\groovy-json\4.0.22\groovy-json-4.0.22.jar;C:\Users\Jon Paulo\.m2\repository\io\rest-assured\rest-assured-common\5.5.0\rest-assured-common-5.5.0.jar;C:\Users\Jon Paulo\.m2\repository\io\rest-assured\xml-path\5.5.0\xml-path-5.5.0.jar;C:\Users\Jon Paulo\.m2\repository\org\apache\commons\commons-lang3\3.11\commons-lang3-3.11.jar;C:\Users\Jon Paulo\.m2\repository\org\testng\testng\7.10.2\testng-7.10.2.jar;C:\Users\Jon Paulo\.m2\repository\org\slf4j\slf4j-api\1.7.36\slf4j-api-1.7.36.jar;C:\Users\Jon Paulo\.m2\repository\com\beust\jcommander\1.82\jcommander-1.82.jar;C:\Users\Jon Paulo\.m2\repository\org\webjars\jquery\3.7.1\jquery-3.7.1.jar;C:\Users\Jon Paulo\.m2\repository\com\fasterxml\jackson\core\jackson-core\2.17.2\jackson-core-2.17.2.jar;C:\Users\Jon Paulo\.m2\repository\com\fasterxml\jackson\core\jackson-databind\2.17.2\jackson-databind-2.17.2.jar;C:\Users\Jon Paulo\.m2\repository\com\fasterxml\jackson\core\jackson-annotations\2.17.2\jackson-annotations-2.17.2.jar;C:\Users\Jon Paulo\.m2\repository\org\wiremock\wiremock\3.9.1\wiremock-3.9.1.jar;C:\Users\Jon Paulo\.m2\repository\org\eclipse\jetty\jetty-server\11.0.20\jetty-server-11.0.20.jar;C:\Users\Jon Paulo\.m2\repository\org\eclipse\jetty\jetty-http\11.0.20\jetty-http-11.0.20.jar;C:\Users\Jon Paulo\.m2\repository\org\eclipse\jetty\jetty-io\11.0.20\jetty-io-11.0.20.jar;C:\Users\Jon Paulo\.m2\repository\org\eclipse\jetty\toolchain\jetty-jakarta-servlet-api\5.0.2\jetty-jakarta-servlet-api-5.0.2.jar;C:\Users\Jon Paulo\.m2\repository\org\eclipse\jetty\jetty-servlet\11.0.20\jetty-servlet-11.0.20.jar;C:\Users\Jon Paulo\.m2\repository\org\eclipse\jetty\jetty-security\11.0.20\jetty-security-11.0.20.jar;C:\Users\Jon Paulo\.m2\repository\org\eclipse\jetty\jetty-servlets\11.0.20\jetty-servlets-11.0.20.jar;C:\Users\Jon Paulo\.m2\repository\org\eclipse\jetty\jetty-util\11.0.20\jetty-util-11.0.20.jar;C:\Users\Jon Paulo\.m2\repository\org\eclipse\jetty\jetty-webapp\11.0.20\jetty-webapp-11.0.20.jar;C:\Users\Jon Paulo\.m2\repository\org\eclipse\jetty\jetty-xml\11.0.20\jetty-xml-11.0.20.jar;C:\Users\Jon Paulo\.m2\repository\org\eclipse\jetty\jetty-proxy\11.0.20\jetty-proxy-11.0.20.jar;C:\Users\Jon Paulo\.m2\repository\org\eclipse\jetty\jetty-client\11.0.20\jetty-client-11.0.20.jar;C:\Users\Jon Paulo\.m2\repository\org\eclipse\jetty\http2\http2-server\11.0.20\http2-server-11.0.20.jar;C:\Users\Jon Paulo\.m2\repository\org\eclipse\jetty\http2\http2-common\11.0.20\http2-common-11.0.20.jar;C:\Users\Jon Paulo\.m2\repository\org\eclipse\jetty\http2\http2-hpack\11.0.20\http2-hpack-11.0.20.jar;C:\Users\Jon Paulo\.m2\repository\org\eclipse\jetty\jetty-alpn-server\11.0.20\jetty-alpn-server-11.0.20.jar;C:\Users\Jon Paulo\.m2\repository\org\eclipse\jetty\jetty-alpn-java-server\11.0.20\jetty-alpn-java-server-11.0.20.jar;C:\Users\Jon Paulo\.m2\repository\org\eclipse\jetty\jetty-alpn-java-client\11.0.20\jetty-alpn-java-client-11.0.20.jar;C:\Users\Jon Paulo\.m2\repository\org\eclipse\jetty\jetty-alpn-client\11.0.20\jetty-alpn-client-11.0.20.jar;C:\Users\Jon Paulo\.m2\repository\com\google\guava\guava\33.2.1-jre\guava-33.2.1-jre.jar;C:\Users\Jon Paulo\.m2\repository\com\google\guava\failureaccess\1.0.2\failureaccess-1.0.2.jar;C:\Users\Jon Paulo\.m2\repository\com\google\guava\listenablefuture\9999.0-empty-to-avoid-conflict-with-guava\listenablefuture-9999.0-empty-to-avoid-conflict-with-guava.jar;C:\Users\Jon Paulo\.m2\repository\org\checkerframework\checker-qual\3.42.0\checker-qual-3.42.0.jar;C:\Users\Jon Paulo\.m2\repository\com\google\errorprone\error_prone_annotations\2.26.1\error_prone_annotations-2.26.1.jar;C:\Users\Jon Paulo\.m2\repository\com\google\j2objc\j2objc-annotations\3.0.0\j2objc-annotations-3.0.0.jar;C:\Users\Jon Paulo\.m2\repository\com\fasterxml\jackson\datatype\jackson-datatype-jsr310\2.17.2\jackson-datatype-jsr310-2.17.2.jar;C:\Users\Jon Paulo\.m2\repository\org\apache\httpcomponents\client5\httpclient5\5.3.1\httpclient5-5.3.1.jar;C:\Users\Jon Paulo\.m2\repository\org\apache\httpcomponents\core5\httpcore5\5.2.4\httpcore5-5.2.4.jar;C:\Users\Jon Paulo\.m2\repository\org\apache\httpcomponents\core5\httpcore5-h2\5.2.4\httpcore5-h2-5.2.4.jar;C:\Users\Jon Paulo\.m2\repository\org\xmlunit\xmlunit-core\2.10.0\xmlunit-core-2.10.0.jar;C:\Users\Jon Paulo\.m2\repository\jakarta\xml\bind\jakarta.xml.bind-api\2.3.3\jakarta.xml.bind-api-2.3.3.jar;C:\Users\Jon Paulo\.m2\repository\jakarta\activation\jakarta.activation-api\1.2.2\jakarta.activation-api-1.2.2.jar;C:\Users\Jon Paulo\.m2\repository\org\xmlunit\xmlunit-legacy\2.10.0\xmlunit-legacy-2.10.0.jar;C:\Users\Jon Paulo\.m2\repository\org\xmlunit\xmlunit-placeholders\2.10.0\xmlunit-placeholders-2.10.0.jar;C:\Users\Jon Paulo\.m2\repository\net\javacrumbs\json-unit\json-unit-core\2.40.0\json-unit-core-2.40.0.jar;C:\Users\Jon Paulo\.m2\repository\org\hamcrest\hamcrest-core\2.2\hamcrest-core-2.2.jar;C:\Users\Jon Paulo\.m2\repository\com\jayway\jsonpath\json-path\2.9.0\json-path-2.9.0.jar;C:\Users\Jon Paulo\.m2\repository\net\minidev\json-smart\2.5.0\json-smart-2.5.0.jar;C:\Users\Jon Paulo\.m2\repository\net\minidev\accessors-smart\2.5.0\accessors-smart-2.5.0.jar;C:\Users\Jon Paulo\.m2\repository\net\sf\jopt-simple\jopt-simple\5.0.4\jopt-simple-5.0.4.jar;C:\Users\Jon Paulo\.m2\repository\com\github\jknack\handlebars\4.3.1\handlebars-4.3.1.jar;C:\Users\Jon Paulo\.m2\repository\com\github\jknack\handlebars-helpers\4.3.1\handlebars-helpers-4.3.1.jar;C:\Users\Jon Paulo\.m2\repository\commons-fileupload\commons-fileupload\1.5\commons-fileupload-1.5.jar;C:\Users\Jon Paulo\.m2\repository\commons-io\commons-io\2.11.0\commons-io-2.11.0.jar;C:\Users\Jon Paulo\.m2\repository\com\networknt\json-schema-validator\1.5.0\json-schema-validator-1.5.0.jar;C:\Users\Jon Paulo\.m2\repository\com\ethlo\time\itu\1.10.2\itu-1.10.2.jar;C:\Users\Jon Paulo\.m2\repository\com\fasterxml\jackson\dataformat\jackson-dataformat-yaml\2.17.1\jackson-dataformat-yaml-2.17.1.jar;C:\Users\Jon Paulo\.m2\repository\org\yaml\snakeyaml\2.2\snakeyaml-2.2.jar;"/>
    <property name="sun.cpu.endian" value="little"/>
    <property name="user.home" value="C:\Users\Jon Paulo"/>
    <property name="user.language" value="en"/>
    <property name="java.specification.vendor" value="Oracle Corporation"/>
    <property name="java.version.date" value="2024-07-16"/>
    <property name="java.home" value="C:\Program Files\Java\jdk-22"/>
    <property name="file.separator" value="\"/>
    <property name="basedir" value="C:\Projects\JavaProjects\rest-assured-api-test-auto-jon\api-test-auto-pokemon"/>
    <property name="java.vm.compressedOopsMode" value="Zero based"/>
    <property name="line.separator" value="&#10;"/>
    <property name="java.vm.specification.vendor" value="Oracle Corporation"/>
    <property name="java.specification.name" value="Java Platform API Specification"/>
    <property name="surefire.real.class.path" value="C:\Users\Jon Paulo\AppData\Local\Temp\surefire14492148397788768220\surefirebooter-20240831210335060_3.jar"/>
    <property name="user.script" value=""/>
    <property name="sun.management.compiler" value="HotSpot 64-Bit Tiered Compilers"/>
    <property name="org.eclipse.jetty.http.HttpGenerator.STRICT" value="true"/>
    <property name="java.runtime.version" value="22.0.2+9-70"/>
    <property name="user.name" value="Jon Paulo"/>
    <property name="stdout.encoding" value="Cp1252"/>
    <property name="path.separator" value=";"/>
    <property name="os.version" value="10.0"/>
    <property name="java.runtime.name" value="Java(TM) SE Runtime Environment"/>
    <property name="file.encoding" value="UTF-8"/>
    <property name="java.vm.name" value="Java HotSpot(TM) 64-Bit Server VM"/>
    <property name="localRepository" value="C:\Users\Jon Paulo\.m2\repository"/>
    <property name="javax.xml.xpath.XPathFactory:http://java.sun.com/jaxp/xpath/dom" value="com.sun.org.apache.xpath.internal.jaxp.XPathFactoryImpl"/>
    <property name="java.vendor.url.bug" value="https://bugreport.java.com/bugreport/"/>
    <property name="jetty.git.hash" value="922f8dc188f7011e60d0361de585fd4ac4d63064"/>
    <property name="java.io.tmpdir" value="C:\Users\JONPAU~1\AppData\Local\Temp\"/>
    <property name="java.version" value="22.0.2"/>
    <property name="user.dir" value="C:\Projects\JavaProjects\rest-assured-api-test-auto-jon\api-test-auto-pokemon"/>
    <property name="os.arch" value="amd64"/>
    <property name="java.vm.specification.name" value="Java Virtual Machine Specification"/>
    <property name="sun.os.patch.level" value=""/>
    <property name="native.encoding" value="Cp1252"/>
    <property name="java.library.path" value="C:\Program Files\Java\jdk-22\bin;C:\Windows\Sun\Java\bin;C:\Windows\system32;C:\Windows;C:/Users/Jon Paulo/.p2/pool/plugins/org.eclipse.justj.openjdk.hotspot.jre.full.win32.x86_64_22.0.1.v20240426-1149/jre/bin/server;C:/Users/Jon Paulo/.p2/pool/plugins/org.eclipse.justj.openjdk.hotspot.jre.full.win32.x86_64_22.0.1.v20240426-1149/jre/bin;C:\Program Files\Common Files\Oracle\Java\javapath;C:\Program Files (x86)\Common Files\Oracle\Java\javapath;C:\Windows\system32;C:\Windows;C:\Windows\System32\Wbem;C:\Windows\System32\WindowsPowerShell\v1.0\;C:\Windows\System32\OpenSSH\;C:\Program Files (x86)\NVIDIA Corporation\PhysX\Common;C:\Program Files\nodejs\;C:\Program Files\Git\cmd;C:\Program Files\Java\jdk-22\bin;C:\Program Files\apache-maven-3.9.8\bin;C:\Users\Jon Paulo\AppData\Local\Microsoft\WindowsApps;C:\Users\Jon Paulo\AppData\Local\Programs\Microsoft VS Code\bin;C:\Users\Jon Paulo\AppData\Roaming\npm;C:\Program Files\Java\jdk-22\bin;;C:\Windows\System32;;."/>
    <property name="java.vm.info" value="mixed mode, sharing"/>
    <property name="stderr.encoding" value="Cp1252"/>
    <property name="java.vendor" value="Oracle Corporation"/>
    <property name="java.vm.version" value="22.0.2+9-70"/>
    <property name="sun.io.unicode.encoding" value="UnicodeLittle"/>
    <property name="javax.xml.transform.TransformerFactory" value="com.sun.org.apache.xalan.internal.xsltc.trax.TransformerFactoryImpl"/>
    <property name="java.class.version" value="66.0"/>
  </properties>
  <testcase name="testPikachu" classname="api.tests.ApiTests" time="2.158">
    <system-out><![CDATA[Status code: 200
Content type: application/json; charset=utf-8
Abilities: [static, lightning-rod]
]]></system-out>
    <system-err><![CDATA[SLF4J: Failed to load class "org.slf4j.impl.StaticLoggerBinder".
SLF4J: Defaulting to no-operation (NOP) logger implementation
SLF4J: See http://www.slf4j.org/codes.html#StaticLoggerBinder for further details.
]]></system-err>
  </testcase>
  <testcase name="testCharmander404" classname="api.tests.ApiTests" time="0.956">
    <system-out><![CDATA[Response Status Code: 404
Response Body: Resource Not Found
Response Headers: Matched-Stub-Id=41d79178-4fdb-49c3-99e6-c1ecf68aa336
Transfer-Encoding=chunked
]]></system-out>
  </testcase>
</testsuite>