<?xml version="1.0" encoding="UTF-8"?>
<!-- Generated by org.testng.reporters.JUnitReportReporter -->
<testsuite hostname="LAPTOP-UNFKF07O" failures="0" tests="1" name="api.tests.ApiTests" time="2.113" errors="0" timestamp="2024-08-31T20:13:24 CEST" skipped="0">
  <testcase classname="api.tests.ApiTests" name="testCharmander404" time="2.113"/>
</testsuite> <!-- api.tests.ApiTests -->
