<?xml version="1.0" encoding="UTF-8"?>
<!-- Generated by org.testng.reporters.JUnitReportReporter -->
<testsuite hostname="LAPTOP-UNFKF07O" failures="0" tests="2" name="api.tests.ApiTests" time="3.107" errors="0" timestamp="2024-08-31T21:03:38 CEST" skipped="0">
  <testcase classname="api.tests.ApiTests" name="testPikachu" time="2.156"/>
  <testcase classname="api.tests.ApiTests" name="testCharmander404" time="0.951"/>
</testsuite> <!-- api.tests.ApiTests -->
